This is pdfTeX, Version 3.141592653-2.6-1.40.25 (TeX Live 2023/Debian) (preloaded format=pdflatex 2025.9.2)  2 SEP 2025 22:43
entering extended mode
 restricted \write18 enabled.
 %&-line parsing enabled.
**revised_bioreactor_paper.tex
(./revised_bioreactor_paper.tex
LaTeX2e <2023-11-01> patch level 1
L3 programming layer <2024-01-22>
(/usr/share/texlive/texmf-dist/tex/latex/base/article.cls
Document Class: article 2023/05/17 v1.4n Standard LaTeX document class
(/usr/share/texlive/texmf-dist/tex/latex/base/size12.clo
File: size12.clo 2023/05/17 v1.4n Standard LaTeX file (size option)
)
\c@part=\count187
\c@section=\count188
\c@subsection=\count189
\c@subsubsection=\count190
\c@paragraph=\count191
\c@subparagraph=\count192
\c@figure=\count193
\c@table=\count194
\abovecaptionskip=\skip48
\belowcaptionskip=\skip49
\bibindent=\dimen140
)
(/usr/share/texlive/texmf-dist/tex/latex/amsmath/amsmath.sty
Package: amsmath 2023/05/13 v2.17o AMS math features
\@mathmargin=\skip50

For additional information on amsmath, use the `?' option.
(/usr/share/texlive/texmf-dist/tex/latex/amsmath/amstext.sty
Package: amstext 2021/08/26 v2.01 AMS text

(/usr/share/texlive/texmf-dist/tex/latex/amsmath/amsgen.sty
File: amsgen.sty 1999/11/30 v2.0 generic functions
\@emptytoks=\toks17
\ex@=\dimen141
))
(/usr/share/texlive/texmf-dist/tex/latex/amsmath/amsbsy.sty
Package: amsbsy 1999/11/29 v1.2d Bold Symbols
\pmbraise@=\dimen142
)
(/usr/share/texlive/texmf-dist/tex/latex/amsmath/amsopn.sty
Package: amsopn 2022/04/08 v2.04 operator names
)
\inf@bad=\count195
LaTeX Info: Redefining \frac on input line 234.
\uproot@=\count196
\leftroot@=\count197
LaTeX Info: Redefining \overline on input line 399.
LaTeX Info: Redefining \colon on input line 410.
\classnum@=\count198
\DOTSCASE@=\count199
LaTeX Info: Redefining \ldots on input line 496.
LaTeX Info: Redefining \dots on input line 499.
LaTeX Info: Redefining \cdots on input line 620.
\Mathstrutbox@=\box51
\strutbox@=\box52
LaTeX Info: Redefining \big on input line 722.
LaTeX Info: Redefining \Big on input line 723.
LaTeX Info: Redefining \bigg on input line 724.
LaTeX Info: Redefining \Bigg on input line 725.
\big@size=\dimen143
LaTeX Font Info:    Redeclaring font encoding OML on input line 743.
LaTeX Font Info:    Redeclaring font encoding OMS on input line 744.
\macc@depth=\count266
LaTeX Info: Redefining \bmod on input line 905.
LaTeX Info: Redefining \pmod on input line 910.
LaTeX Info: Redefining \smash on input line 940.
LaTeX Info: Redefining \relbar on input line 970.
LaTeX Info: Redefining \Relbar on input line 971.
\c@MaxMatrixCols=\count267
\dotsspace@=\muskip16
\c@parentequation=\count268
\dspbrk@lvl=\count269
\tag@help=\toks18
\row@=\count270
\column@=\count271
\maxfields@=\count272
\andhelp@=\toks19
\eqnshift@=\dimen144
\alignsep@=\dimen145
\tagshift@=\dimen146
\tagwidth@=\dimen147
\totwidth@=\dimen148
\lineht@=\dimen149
\@envbody=\toks20
\multlinegap=\skip51
\multlinetaggap=\skip52
\mathdisplay@stack=\toks21
LaTeX Info: Redefining \[ on input line 2953.
LaTeX Info: Redefining \] on input line 2954.
)
(/usr/share/texlive/texmf-dist/tex/latex/amsfonts/amssymb.sty
Package: amssymb 2013/01/14 v3.01 AMS font symbols

(/usr/share/texlive/texmf-dist/tex/latex/amsfonts/amsfonts.sty
Package: amsfonts 2013/01/14 v3.01 Basic AMSFonts support
\symAMSa=\mathgroup4
\symAMSb=\mathgroup5
LaTeX Font Info:    Redeclaring math symbol \hbar on input line 98.
LaTeX Font Info:    Overwriting math alphabet `\mathfrak' in version `bold'
(Font)                  U/euf/m/n --> U/euf/b/n on input line 106.
))
(/usr/share/texlive/texmf-dist/tex/latex/graphics/graphicx.sty
Package: graphicx 2021/09/16 v1.2d Enhanced LaTeX Graphics (DPC,SPQR)

(/usr/share/texlive/texmf-dist/tex/latex/graphics/keyval.sty
Package: keyval 2022/05/29 v1.15 key=value parser (DPC)
\KV@toks@=\toks22
)
(/usr/share/texlive/texmf-dist/tex/latex/graphics/graphics.sty
Package: graphics 2022/03/10 v1.4e Standard LaTeX Graphics (DPC,SPQR)

(/usr/share/texlive/texmf-dist/tex/latex/graphics/trig.sty
Package: trig 2021/08/11 v1.11 sin cos tan (DPC)
)
(/usr/share/texlive/texmf-dist/tex/latex/graphics-cfg/graphics.cfg
File: graphics.cfg 2016/06/04 v1.11 sample graphics configuration
)
Package graphics Info: Driver file: pdftex.def on input line 107.

(/usr/share/texlive/texmf-dist/tex/latex/graphics-def/pdftex.def
File: pdftex.def 2022/09/22 v1.2b Graphics/color driver for pdftex
))
\Gin@req@height=\dimen150
\Gin@req@width=\dimen151
)
(/usr/share/texlive/texmf-dist/tex/latex/hyperref/hyperref.sty
Package: hyperref 2024-01-20 v7.01h Hypertext links for LaTeX

(/usr/share/texlive/texmf-dist/tex/generic/iftex/iftex.sty
Package: iftex 2022/02/03 v1.0f TeX engine tests
)
(/usr/share/texlive/texmf-dist/tex/latex/kvsetkeys/kvsetkeys.sty
Package: kvsetkeys 2022-10-05 v1.19 Key value parser (HO)
)
(/usr/share/texlive/texmf-dist/tex/generic/kvdefinekeys/kvdefinekeys.sty
Package: kvdefinekeys 2019-12-19 v1.6 Define keys (HO)
)
(/usr/share/texlive/texmf-dist/tex/generic/pdfescape/pdfescape.sty
Package: pdfescape 2019/12/09 v1.15 Implements pdfTeX's escape features (HO)

(/usr/share/texlive/texmf-dist/tex/generic/ltxcmds/ltxcmds.sty
Package: ltxcmds 2023-12-04 v1.26 LaTeX kernel commands for general use (HO)
)
(/usr/share/texlive/texmf-dist/tex/generic/pdftexcmds/pdftexcmds.sty
Package: pdftexcmds 2020-06-27 v0.33 Utility functions of pdfTeX for LuaTeX (HO
)

(/usr/share/texlive/texmf-dist/tex/generic/infwarerr/infwarerr.sty
Package: infwarerr 2019/12/03 v1.5 Providing info/warning/error messages (HO)
)
Package pdftexcmds Info: \pdf@primitive is available.
Package pdftexcmds Info: \pdf@ifprimitive is available.
Package pdftexcmds Info: \pdfdraftmode found.
))
(/usr/share/texlive/texmf-dist/tex/latex/hycolor/hycolor.sty
Package: hycolor 2020-01-27 v1.10 Color options for hyperref/bookmark (HO)
)
(/usr/share/texlive/texmf-dist/tex/latex/auxhook/auxhook.sty
Package: auxhook 2019-12-17 v1.6 Hooks for auxiliary files (HO)
)
(/usr/share/texlive/texmf-dist/tex/latex/hyperref/nameref.sty
Package: nameref 2023-11-26 v2.56 Cross-referencing by name of section

(/usr/share/texlive/texmf-dist/tex/latex/refcount/refcount.sty
Package: refcount 2019/12/15 v3.6 Data extraction from label references (HO)
)
(/usr/share/texlive/texmf-dist/tex/generic/gettitlestring/gettitlestring.sty
Package: gettitlestring 2019/12/15 v1.6 Cleanup title references (HO)

(/usr/share/texlive/texmf-dist/tex/latex/kvoptions/kvoptions.sty
Package: kvoptions 2022-06-15 v3.15 Key value format for package options (HO)
))
\c@section@level=\count273
)
(/usr/share/texlive/texmf-dist/tex/latex/etoolbox/etoolbox.sty
Package: etoolbox 2020/10/05 v2.5k e-TeX tools for LaTeX (JAW)
\etb@tempcnta=\count274
)
\@linkdim=\dimen152
\Hy@linkcounter=\count275
\Hy@pagecounter=\count276

(/usr/share/texlive/texmf-dist/tex/latex/hyperref/pd1enc.def
File: pd1enc.def 2024-01-20 v7.01h Hyperref: PDFDocEncoding definition (HO)
Now handling font encoding PD1 ...
... no UTF-8 mapping file for font encoding PD1
)
(/usr/share/texlive/texmf-dist/tex/generic/intcalc/intcalc.sty
Package: intcalc 2019/12/15 v1.3 Expandable calculations with integers (HO)
)
\Hy@SavedSpaceFactor=\count277

(/usr/share/texlive/texmf-dist/tex/latex/hyperref/puenc.def
File: puenc.def 2024-01-20 v7.01h Hyperref: PDF Unicode definition (HO)
Now handling font encoding PU ...
... no UTF-8 mapping file for font encoding PU
)
Package hyperref Info: Hyper figures OFF on input line 4179.
Package hyperref Info: Link nesting OFF on input line 4184.
Package hyperref Info: Hyper index ON on input line 4187.
Package hyperref Info: Plain pages OFF on input line 4194.
Package hyperref Info: Backreferencing OFF on input line 4199.
Package hyperref Info: Implicit mode ON; LaTeX internals redefined.
Package hyperref Info: Bookmarks ON on input line 4446.
\c@Hy@tempcnt=\count278

(/usr/share/texlive/texmf-dist/tex/latex/url/url.sty
\Urlmuskip=\muskip17
Package: url 2013/09/16  ver 3.4  Verb mode for urls, etc.
)
LaTeX Info: Redefining \url on input line 4784.
\XeTeXLinkMargin=\dimen153

(/usr/share/texlive/texmf-dist/tex/generic/bitset/bitset.sty
Package: bitset 2019/12/09 v1.3 Handle bit-vector datatype (HO)

(/usr/share/texlive/texmf-dist/tex/generic/bigintcalc/bigintcalc.sty
Package: bigintcalc 2019/12/15 v1.5 Expandable calculations on big integers (HO
)
))
\Fld@menulength=\count279
\Field@Width=\dimen154
\Fld@charsize=\dimen155
Package hyperref Info: Hyper figures OFF on input line 6063.
Package hyperref Info: Link nesting OFF on input line 6068.
Package hyperref Info: Hyper index ON on input line 6071.
Package hyperref Info: backreferencing OFF on input line 6078.
Package hyperref Info: Link coloring OFF on input line 6083.
Package hyperref Info: Link coloring with OCG OFF on input line 6088.
Package hyperref Info: PDF/A mode OFF on input line 6093.

(/usr/share/texlive/texmf-dist/tex/latex/base/atbegshi-ltx.sty
Package: atbegshi-ltx 2021/01/10 v1.0c Emulation of the original atbegshi
package with kernel methods
)
\Hy@abspage=\count280
\c@Item=\count281
\c@Hfootnote=\count282
)
Package hyperref Info: Driver (autodetected): hpdftex.

(/usr/share/texlive/texmf-dist/tex/latex/hyperref/hpdftex.def
File: hpdftex.def 2024-01-20 v7.01h Hyperref driver for pdfTeX

(/usr/share/texlive/texmf-dist/tex/latex/base/atveryend-ltx.sty
Package: atveryend-ltx 2020/08/19 v1.0a Emulation of the original atveryend pac
kage
with kernel methods
)
\Fld@listcount=\count283
\c@bookmark@seq@number=\count284

(/usr/share/texlive/texmf-dist/tex/latex/rerunfilecheck/rerunfilecheck.sty
Package: rerunfilecheck 2022-07-10 v1.10 Rerun checks for auxiliary files (HO)

(/usr/share/texlive/texmf-dist/tex/generic/uniquecounter/uniquecounter.sty
Package: uniquecounter 2019/12/15 v1.4 Provide unlimited unique counter (HO)
)
Package uniquecounter Info: New unique counter `rerunfilecheck' on input line 2
85.
)
\Hy@SectionHShift=\skip53
)
(/usr/share/texlive/texmf-dist/tex/latex/natbib/natbib.sty
Package: natbib 2010/09/13 8.31b (PWD, AO)
\bibhang=\skip54
\bibsep=\skip55
LaTeX Info: Redefining \cite on input line 694.
\c@NAT@ctr=\count285
)
(/usr/share/texlive/texmf-dist/tex/latex/xcolor/xcolor.sty
Package: xcolor 2023/11/15 v3.01 LaTeX color extensions (UK)

(/usr/share/texlive/texmf-dist/tex/latex/graphics-cfg/color.cfg
File: color.cfg 2016/01/02 v1.6 sample color configuration
)
Package xcolor Info: Driver file: pdftex.def on input line 274.

(/usr/share/texlive/texmf-dist/tex/latex/graphics/mathcolor.ltx)
Package xcolor Info: Model `cmy' substituted by `cmy0' on input line 1350.
Package xcolor Info: Model `hsb' substituted by `rgb' on input line 1354.
Package xcolor Info: Model `RGB' extended on input line 1366.
Package xcolor Info: Model `HTML' substituted by `rgb' on input line 1368.
Package xcolor Info: Model `Hsb' substituted by `hsb' on input line 1369.
Package xcolor Info: Model `tHsb' substituted by `hsb' on input line 1370.
Package xcolor Info: Model `HSB' substituted by `hsb' on input line 1371.
Package xcolor Info: Model `Gray' substituted by `gray' on input line 1372.
Package xcolor Info: Model `wave' substituted by `hsb' on input line 1373.
)
(/usr/share/texlive/texmf-dist/tex/latex/booktabs/booktabs.sty
Package: booktabs 2020/01/12 v1.61803398 Publication quality tables
\heavyrulewidth=\dimen156
\lightrulewidth=\dimen157
\cmidrulewidth=\dimen158
\belowrulesep=\dimen159
\belowbottomsep=\dimen160
\aboverulesep=\dimen161
\abovetopsep=\dimen162
\cmidrulesep=\dimen163
\cmidrulekern=\dimen164
\defaultaddspace=\dimen165
\@cmidla=\count286
\@cmidlb=\count287
\@aboverulesep=\dimen166
\@belowrulesep=\dimen167
\@thisruleclass=\count288
\@lastruleclass=\count289
\@thisrulewidth=\dimen168
)
(/usr/share/texlive/texmf-dist/tex/latex/caption/caption.sty
Package: caption 2023/08/05 v3.6o Customizing captions (AR)

(/usr/share/texlive/texmf-dist/tex/latex/caption/caption3.sty
Package: caption3 2023/07/31 v2.4d caption3 kernel (AR)
\caption@tempdima=\dimen169
\captionmargin=\dimen170
\caption@leftmargin=\dimen171
\caption@rightmargin=\dimen172
\caption@width=\dimen173
\caption@indent=\dimen174
\caption@parindent=\dimen175
\caption@hangindent=\dimen176
Package caption Info: Standard document class detected.
)
\c@caption@flags=\count290
\c@continuedfloat=\count291
Package caption Info: hyperref package is loaded.
)
(/usr/share/texlive/texmf-dist/tex/latex/caption/subcaption.sty
Package: subcaption 2023/07/28 v1.6b Sub-captions (AR)
Package caption Info: New subtype `subfigure' on input line 238.
\c@subfigure=\count292
Package caption Info: New subtype `subtable' on input line 238.
\c@subtable=\count293
)
(/usr/share/texlive/texmf-dist/tex/latex/setspace/setspace.sty
Package: setspace 2022/12/04 v6.7b set line spacing
)
(/usr/share/texlive/texmf-dist/tex/latex/geometry/geometry.sty
Package: geometry 2020/01/02 v5.9 Page Geometry

(/usr/share/texlive/texmf-dist/tex/generic/iftex/ifvtex.sty
Package: ifvtex 2019/10/25 v1.7 ifvtex legacy package. Use iftex instead.
)
\Gm@cnth=\count294
\Gm@cntv=\count295
\c@Gm@tempcnt=\count296
\Gm@bindingoffset=\dimen177
\Gm@wd@mp=\dimen178
\Gm@odd@mp=\dimen179
\Gm@even@mp=\dimen180
\Gm@layoutwidth=\dimen181
\Gm@layoutheight=\dimen182
\Gm@layouthoffset=\dimen183
\Gm@layoutvoffset=\dimen184
\Gm@dimlist=\toks23
)
(/usr/share/texlive/texmf-dist/tex/latex/float/float.sty
Package: float 2001/11/08 v1.3d Float enhancements (AL)
\c@float@type=\count297
\float@exts=\toks24
\float@box=\box53
\@float@everytoks=\toks25
\@floatcapt=\box54
)
(/usr/share/texlive/texmf-dist/tex/latex/enumitem/enumitem.sty
Package: enumitem 2019/06/20 v3.9 Customized lists
\labelindent=\skip56
\enit@outerparindent=\dimen185
\enit@toks=\toks26
\enit@inbox=\box55
\enit@count@id=\count298
\enitdp@description=\count299
)
(/usr/share/texlive/texmf-dist/tex/latex/fancyhdr/fancyhdr.sty
Package: fancyhdr 2022/11/09 v4.1 Extensive control of page headers and footers

\f@nch@headwidth=\skip57
\f@nch@O@elh=\skip58
\f@nch@O@erh=\skip59
\f@nch@O@olh=\skip60
\f@nch@O@orh=\skip61
\f@nch@O@elf=\skip62
\f@nch@O@erf=\skip63
\f@nch@O@olf=\skip64
\f@nch@O@orf=\skip65
)
(/usr/share/texlive/texmf-dist/tex/latex/microtype/microtype.sty
Package: microtype 2023/03/13 v3.1a Micro-typographical refinements (RS)
\MT@toks=\toks27
\MT@tempbox=\box56
\MT@count=\count300
LaTeX Info: Redefining \noprotrusionifhmode on input line 1059.
LaTeX Info: Redefining \leftprotrusion on input line 1060.
\MT@prot@toks=\toks28
LaTeX Info: Redefining \rightprotrusion on input line 1078.
LaTeX Info: Redefining \textls on input line 1368.
\MT@outer@kern=\dimen186
LaTeX Info: Redefining \textmicrotypecontext on input line 1988.
\MT@listname@count=\count301

(/usr/share/texlive/texmf-dist/tex/latex/microtype/microtype-pdftex.def
File: microtype-pdftex.def 2023/03/13 v3.1a Definitions specific to pdftex (RS)

LaTeX Info: Redefining \lsstyle on input line 902.
LaTeX Info: Redefining \lslig on input line 902.
\MT@outer@space=\skip66
)
Package microtype Info: Loading configuration file microtype.cfg.

(/usr/share/texlive/texmf-dist/tex/latex/microtype/microtype.cfg
File: microtype.cfg 2023/03/13 v3.1a microtype main configuration file (RS)
))
(/usr/share/texlive/texmf-dist/tex/latex/base/fontenc.sty
Package: fontenc 2021/04/29 v2.0v Standard LaTeX package
)
(/usr/share/texmf/tex/latex/lm/lmodern.sty
Package: lmodern 2015/05/01 v1.6.1 Latin Modern Fonts
LaTeX Font Info:    Overwriting symbol font `operators' in version `normal'
(Font)                  OT1/cmr/m/n --> OT1/lmr/m/n on input line 22.
LaTeX Font Info:    Overwriting symbol font `letters' in version `normal'
(Font)                  OML/cmm/m/it --> OML/lmm/m/it on input line 23.
LaTeX Font Info:    Overwriting symbol font `symbols' in version `normal'
(Font)                  OMS/cmsy/m/n --> OMS/lmsy/m/n on input line 24.
LaTeX Font Info:    Overwriting symbol font `largesymbols' in version `normal'
(Font)                  OMX/cmex/m/n --> OMX/lmex/m/n on input line 25.
LaTeX Font Info:    Overwriting symbol font `operators' in version `bold'
(Font)                  OT1/cmr/bx/n --> OT1/lmr/bx/n on input line 26.
LaTeX Font Info:    Overwriting symbol font `letters' in version `bold'
(Font)                  OML/cmm/b/it --> OML/lmm/b/it on input line 27.
LaTeX Font Info:    Overwriting symbol font `symbols' in version `bold'
(Font)                  OMS/cmsy/b/n --> OMS/lmsy/b/n on input line 28.
LaTeX Font Info:    Overwriting symbol font `largesymbols' in version `bold'
(Font)                  OMX/cmex/m/n --> OMX/lmex/m/n on input line 29.
LaTeX Font Info:    Overwriting math alphabet `\mathbf' in version `normal'
(Font)                  OT1/cmr/bx/n --> OT1/lmr/bx/n on input line 31.
LaTeX Font Info:    Overwriting math alphabet `\mathsf' in version `normal'
(Font)                  OT1/cmss/m/n --> OT1/lmss/m/n on input line 32.
LaTeX Font Info:    Overwriting math alphabet `\mathit' in version `normal'
(Font)                  OT1/cmr/m/it --> OT1/lmr/m/it on input line 33.
LaTeX Font Info:    Overwriting math alphabet `\mathtt' in version `normal'
(Font)                  OT1/cmtt/m/n --> OT1/lmtt/m/n on input line 34.
LaTeX Font Info:    Overwriting math alphabet `\mathbf' in version `bold'
(Font)                  OT1/cmr/bx/n --> OT1/lmr/bx/n on input line 35.
LaTeX Font Info:    Overwriting math alphabet `\mathsf' in version `bold'
(Font)                  OT1/cmss/bx/n --> OT1/lmss/bx/n on input line 36.
LaTeX Font Info:    Overwriting math alphabet `\mathit' in version `bold'
(Font)                  OT1/cmr/bx/it --> OT1/lmr/bx/it on input line 37.
LaTeX Font Info:    Overwriting math alphabet `\mathtt' in version `bold'
(Font)                  OT1/cmtt/m/n --> OT1/lmtt/m/n on input line 38.
)
(/usr/share/texlive/texmf-dist/tex/latex/pdflscape/pdflscape.sty
Package: pdflscape 2022-10-27 v0.13 Display of landscape pages in PDF

(/usr/share/texlive/texmf-dist/tex/latex/pdflscape/pdflscape-nometadata.sty
Package: pdflscape-nometadata 2022-10-28 v0.13 Display of landscape pages in PD
F (HO)

(/usr/share/texlive/texmf-dist/tex/latex/graphics/lscape.sty
Package: lscape 2020/05/28 v3.02 Landscape Pages (DPC)
)
Package pdflscape Info: Auto-detected driver: pdftex on input line 81.
))

Package geometry Warning: Over-specification in `h'-direction.
    `width' (483.69684pt) is ignored.


Package geometry Warning: Over-specification in `v'-direction.
    `height' (731.23582pt) is ignored.

(/usr/share/texlive/texmf-dist/tex/latex/titlesec/titlesec.sty
Package: titlesec 2023/10/27 v2.16 Sectioning titles
\ttl@box=\box57
\beforetitleunit=\skip67
\aftertitleunit=\skip68
\ttl@plus=\dimen187
\ttl@minus=\dimen188
\ttl@toksa=\toks29
\titlewidth=\dimen189
\titlewidthlast=\dimen190
\titlewidthfirst=\dimen191
)
Package hyperref Info: Option `colorlinks' set `true' on input line 56.
LaTeX Font Info:    Trying to load font information for T1+lmr on input line 68
.

(/usr/share/texmf/tex/latex/lm/t1lmr.fd
File: t1lmr.fd 2015/05/01 v1.6.1 Font defs for Latin Modern
)
(/usr/share/texlive/texmf-dist/tex/latex/l3backend/l3backend-pdftex.def
File: l3backend-pdftex.def 2024-01-04 L3 backend support: PDF output (pdfTeX)
\l__color_backend_stack_int=\count302
\l__pdf_internal_box=\box58
)
(./revised_bioreactor_paper.aux)
\openout1 = `revised_bioreactor_paper.aux'.

LaTeX Font Info:    Checking defaults for OML/cmm/m/it on input line 68.
LaTeX Font Info:    ... okay on input line 68.
LaTeX Font Info:    Checking defaults for OMS/cmsy/m/n on input line 68.
LaTeX Font Info:    ... okay on input line 68.
LaTeX Font Info:    Checking defaults for OT1/cmr/m/n on input line 68.
LaTeX Font Info:    ... okay on input line 68.
LaTeX Font Info:    Checking defaults for T1/cmr/m/n on input line 68.
LaTeX Font Info:    ... okay on input line 68.
LaTeX Font Info:    Checking defaults for TS1/cmr/m/n on input line 68.
LaTeX Font Info:    ... okay on input line 68.
LaTeX Font Info:    Checking defaults for OMX/cmex/m/n on input line 68.
LaTeX Font Info:    ... okay on input line 68.
LaTeX Font Info:    Checking defaults for U/cmr/m/n on input line 68.
LaTeX Font Info:    ... okay on input line 68.
LaTeX Font Info:    Checking defaults for PD1/pdf/m/n on input line 68.
LaTeX Font Info:    ... okay on input line 68.
LaTeX Font Info:    Checking defaults for PU/pdf/m/n on input line 68.
LaTeX Font Info:    ... okay on input line 68.

(/usr/share/texlive/texmf-dist/tex/context/base/mkii/supp-pdf.mkii
[Loading MPS to PDF converter (version 2006.09.02).]
\scratchcounter=\count303
\scratchdimen=\dimen192
\scratchbox=\box59
\nofMPsegments=\count304
\nofMParguments=\count305
\everyMPshowfont=\toks30
\MPscratchCnt=\count306
\MPscratchDim=\dimen193
\MPnumerator=\count307
\makeMPintoPDFobject=\count308
\everyMPtoPDFconversion=\toks31
) (/usr/share/texlive/texmf-dist/tex/latex/epstopdf-pkg/epstopdf-base.sty
Package: epstopdf-base 2020-01-24 v2.11 Base part for package epstopdf
Package epstopdf-base Info: Redefining graphics rule for `.eps' on input line 4
85.

(/usr/share/texlive/texmf-dist/tex/latex/latexconfig/epstopdf-sys.cfg
File: epstopdf-sys.cfg 2010/07/13 v1.3 Configuration of (r)epstopdf for TeX Liv
e
))
Package hyperref Info: Link coloring ON on input line 68.

(./revised_bioreactor_paper.out) (./revised_bioreactor_paper.out)
\@outlinefile=\write3
\openout3 = `revised_bioreactor_paper.out'.

Package caption Info: Begin \AtBeginDocument code.
Package caption Info: float package is loaded.
Package caption Info: End \AtBeginDocument code.

*geometry* driver: auto-detecting
*geometry* detected driver: pdftex
*geometry* verbose mode - [ preamble ] result:
* driver: pdftex
* paper: a4paper
* layout: <same size as paper>
* layoutoffset:(h,v)=(0.0pt,0.0pt)
* modes:
* h-part:(L,W,R)=(56.9055pt, 483.69687pt, 56.9055pt)
* v-part:(T,H,B)=(56.9055pt, 731.23584pt, 56.9055pt)
* \paperwidth=597.50787pt
* \paperheight=845.04684pt
* \textwidth=483.69687pt
* \textheight=731.23584pt
* \oddsidemargin=-15.36449pt
* \evensidemargin=-15.36449pt
* \topmargin=-54.86449pt
* \headheight=14.5pt
* \headsep=25.0pt
* \topskip=12.0pt
* \footskip=30.0pt
* \marginparwidth=35.0pt
* \marginparsep=10.0pt
* \columnsep=10.0pt
* \skip\footins=10.8pt plus 4.0pt minus 2.0pt
* \hoffset=0.0pt
* \voffset=0.0pt
* \mag=1000
* \@twocolumnfalse
* \@twosidefalse
* \@mparswitchfalse
* \@reversemarginfalse
* (1in=72.27pt=25.4mm, 1cm=28.453pt)

LaTeX Info: Redefining \microtypecontext on input line 68.
Package microtype Info: Applying patch `item' on input line 68.
Package microtype Info: Applying patch `toc' on input line 68.
Package microtype Info: Applying patch `eqnum' on input line 68.

Package microtype Warning: Unable to apply patch `footnote' on input line 68.

Package microtype Info: Applying patch `verbatim' on input line 68.
Package microtype Info: Generating PDF output.
Package microtype Info: Character protrusion enabled (level 2).
Package microtype Info: Using default protrusion set `alltext'.
Package microtype Info: Automatic font expansion enabled (level 2),
(microtype)             stretch: 20, shrink: 20, step: 1, non-selected.
Package microtype Info: Using default expansion set `alltext-nott'.
LaTeX Info: Redefining \showhyphens on input line 68.
Package microtype Info: No adjustment of tracking.
Package microtype Info: No adjustment of interword spacing.
Package microtype Info: No adjustment of character kerning.
(/usr/share/texlive/texmf-dist/tex/latex/microtype/mt-cmr.cfg
File: mt-cmr.cfg 2013/05/19 v2.2 microtype config. file: Computer Modern Roman
(RS)
)
LaTeX Font Info:    Trying to load font information for OT1+lmr on input line 7
1.

(/usr/share/texmf/tex/latex/lm/ot1lmr.fd
File: ot1lmr.fd 2015/05/01 v1.6.1 Font defs for Latin Modern
)
LaTeX Font Info:    Trying to load font information for OML+lmm on input line 7
1.

(/usr/share/texmf/tex/latex/lm/omllmm.fd
File: omllmm.fd 2015/05/01 v1.6.1 Font defs for Latin Modern
)
LaTeX Font Info:    Trying to load font information for OMS+lmsy on input line
71.

(/usr/share/texmf/tex/latex/lm/omslmsy.fd
File: omslmsy.fd 2015/05/01 v1.6.1 Font defs for Latin Modern
)
LaTeX Font Info:    Trying to load font information for OMX+lmex on input line
71.

(/usr/share/texmf/tex/latex/lm/omxlmex.fd
File: omxlmex.fd 2015/05/01 v1.6.1 Font defs for Latin Modern
)
LaTeX Font Info:    External font `lmex10' loaded for size
(Font)              <14.4> on input line 71.
LaTeX Font Info:    External font `lmex10' loaded for size
(Font)              <10> on input line 71.
LaTeX Font Info:    External font `lmex10' loaded for size
(Font)              <7> on input line 71.
LaTeX Font Info:    Trying to load font information for U+msa on input line 71.


(/usr/share/texlive/texmf-dist/tex/latex/amsfonts/umsa.fd
File: umsa.fd 2013/01/14 v3.01 AMS symbols A
)
(/usr/share/texlive/texmf-dist/tex/latex/microtype/mt-msa.cfg
File: mt-msa.cfg 2006/02/04 v1.1 microtype config. file: AMS symbols (a) (RS)
)
LaTeX Font Info:    Trying to load font information for U+msb on input line 71.


(/usr/share/texlive/texmf-dist/tex/latex/amsfonts/umsb.fd
File: umsb.fd 2013/01/14 v3.01 AMS symbols B
)
(/usr/share/texlive/texmf-dist/tex/latex/microtype/mt-msb.cfg
File: mt-msb.cfg 2005/06/01 v1.0 microtype config. file: AMS symbols (b) (RS)
)
LaTeX Font Info:    External font `lmex10' loaded for size
(Font)              <5> on input line 74.
LaTeX Font Info:    External font `lmex10' loaded for size
(Font)              <10.95> on input line 81.
LaTeX Font Info:    External font `lmex10' loaded for size
(Font)              <8> on input line 81.
LaTeX Font Info:    External font `lmex10' loaded for size
(Font)              <6> on input line 81.


Package natbib Warning: Citation `RN1181' on page 1 undefined on input line 86.



Package natbib Warning: Citation `RN1181' on page 1 undefined on input line 86.



Package natbib Warning: Citation `RN310' on page 1 undefined on input line 86.


Package natbib Warning: Citation `RN312' on page 1 undefined on input line 86.

[1

{/var/lib/texmf/fonts/map/pdftex/updmap/pdftex.map}{/usr/share/texmf/fonts/enc/
dvips/lm/lm-ec.enc}{/usr/share/texmf/fonts/enc/dvips/lm/lm-rm.enc}]

Package natbib Warning: Citation `RN625' on page 2 undefined on input line 90.


Package natbib Warning: Citation `RN310' on page 2 undefined on input line 90.


Package natbib Warning: Citation `new_ref_2' on page 2 undefined on input line
90.

LaTeX Font Info:    External font `lmex10' loaded for size
(Font)              <12> on input line 90.

Package natbib Warning: Citation `RN242' on page 2 undefined on input line 90.


Package natbib Warning: Citation `RN629' on page 2 undefined on input line 90.


Package natbib Warning: Citation `RN625' on page 2 undefined on input line 90.


Package natbib Warning: Citation `RN310' on page 2 undefined on input line 90.


Package natbib Warning: Citation `RN625' on page 2 undefined on input line 92.


Package natbib Warning: Citation `RN310' on page 2 undefined on input line 92.


Package natbib Warning: Citation `RN625' on page 2 undefined on input line 92.


Package natbib Warning: Citation `RN629' on page 2 undefined on input line 92.


Package natbib Warning: Citation `RN625' on page 2 undefined on input line 94.


Package natbib Warning: Citation `RN228' on page 2 undefined on input line 94.


Package natbib Warning: Citation `RN258' on page 2 undefined on input line 94.


Package natbib Warning: Citation `RN228' on page 2 undefined on input line 94.


Package natbib Warning: Citation `RN309' on page 2 undefined on input line 94.

[2]

Package natbib Warning: Citation `RN242' on page 3 undefined on input line 126.



Package natbib Warning: Citation `RN258' on page 3 undefined on input line 126.


LaTeX Font Info:    Trying to load font information for TS1+lmr on input line 1
32.
(/usr/share/texmf/tex/latex/lm/ts1lmr.fd
File: ts1lmr.fd 2015/05/01 v1.6.1 Font defs for Latin Modern
)

Package natbib Warning: Citation `RN625' on page 3 undefined on input line 132.



Package natbib Warning: Citation `RN242' on page 3 undefined on input line 132.


[3{/usr/share/texmf/fonts/enc/dvips/lm/lm-mathsy.enc}{/usr/share/texmf/fonts/en
c/dvips/lm/lm-ts1.enc}]

Package natbib Warning: Citation `RN242' on page 4 undefined on input line 142.



Package natbib Warning: Citation `RN725' on page 4 undefined on input line 142.



Package natbib Warning: Citation `RN629' on page 4 undefined on input line 150.



Package natbib Warning: Citation `RN242' on page 4 undefined on input line 150.



Package natbib Warning: Citation `RN625' on page 4 undefined on input line 150.



Package natbib Warning: Citation `RN228' on page 4 undefined on input line 150.



Package natbib Warning: Citation `RN258' on page 4 undefined on input line 150.



Package natbib Warning: Citation `RN312' on page 4 undefined on input line 154.



Package natbib Warning: Citation `RN310' on page 4 undefined on input line 154.



Package natbib Warning: Citation `RN625' on page 4 undefined on input line 154.



Package natbib Warning: Citation `RN629' on page 4 undefined on input line 154.



Package natbib Warning: Citation `new_ref_4' on page 4 undefined on input line
154.

[4{/usr/share/texmf/fonts/enc/dvips/lm/lm-mathit.enc}]

Package natbib Warning: Citation `RN228' on page 5 undefined on input line 156.



Package natbib Warning: Citation `RN258' on page 5 undefined on input line 156.



Package natbib Warning: Citation `RN629' on page 5 undefined on input line 156.



Package natbib Warning: Citation `RN310' on page 5 undefined on input line 156.



Package natbib Warning: Citation `RN242' on page 5 undefined on input line 162.


<fig1_removal_rates_scientific.pdf, id=170, 851.10599pt x 562.28104pt>
File: fig1_removal_rates_scientific.pdf Graphic file (type pdf)
<use fig1_removal_rates_scientific.pdf>
Package pdftex.def Info: fig1_removal_rates_scientific.pdf  used on input line
168.
(pdftex.def)             Requested size: 386.95897pt x 255.64093pt.

Package natbib Warning: Citation `RN242' on page 5 undefined on input line 175.



Package natbib Warning: Citation `RN242' on page 5 undefined on input line 175.



Package natbib Warning: Citation `RN242' on page 5 undefined on input line 177.



Package natbib Warning: Citation `RN242' on page 5 undefined on input line 177.


<fig3_hydraulic_performance_scientific.pdf, id=172, 995.56819pt x 416.8309pt>
File: fig3_hydraulic_performance_scientific.pdf Graphic file (type pdf)
<use fig3_hydraulic_performance_scientific.pdf>
Package pdftex.def Info: fig3_hydraulic_performance_scientific.pdf  used on inp
ut line 183.
(pdftex.def)             Requested size: 386.95897pt x 162.01004pt.

Package natbib Warning: Citation `RN242' on page 5 undefined on input line 190.



Package natbib Warning: Citation `RN242' on page 5 undefined on input line 190.


[5]

Package natbib Warning: Citation `RN242' on page 6 undefined on input line 192.


[6 <./fig1_removal_rates_scientific.pdf> <./fig3_hydraulic_performance_scientif
ic.pdf>]

Package natbib Warning: Citation `new_ref_2' on page 7 undefined on input line
196.


Package natbib Warning: Citation `new_ref_2' on page 7 undefined on input line
200.


Package natbib Warning: Citation `new_ref_2' on page 7 undefined on input line
200.


Package natbib Warning: Citation `new_ref_4' on page 7 undefined on input line
202.


Package natbib Warning: Citation `new_ref_4' on page 7 undefined on input line
202.


Package natbib Warning: Citation `new_ref_4' on page 7 undefined on input line
206.


Package natbib Warning: Citation `new_ref_4' on page 7 undefined on input line
206.


Package natbib Warning: Citation `new_ref_4' on page 7 undefined on input line
206.


Package natbib Warning: Citation `new_ref_1' on page 7 undefined on input line
208.


Package natbib Warning: Citation `new_ref_2' on page 7 undefined on input line
208.


Package natbib Warning: Citation `new_ref_4' on page 7 undefined on input line
208.


Package natbib Warning: Citation `RN625' on page 7 undefined on input line 208.



Package natbib Warning: Citation `new_ref_4' on page 7 undefined on input line
208.


Package natbib Warning: Citation `new_ref_4' on page 7 undefined on input line
208.

[7]
<fig9_wood_species_comparison_scientific.pdf, id=356, 1140.58727pt x 417.27435p
t>
File: fig9_wood_species_comparison_scientific.pdf Graphic file (type pdf)
<use fig9_wood_species_comparison_scientific.pdf>
Package pdftex.def Info: fig9_wood_species_comparison_scientific.pdf  used on i
nput line 216.
(pdftex.def)             Requested size: 386.95897pt x 141.56577pt.


Package natbib Warning: Citation `RN625' on page 8 undefined on input line 223.



Package natbib Warning: Citation `RN625' on page 8 undefined on input line 223.



Package natbib Warning: Citation `RN228' on page 8 undefined on input line 227.



Package natbib Warning: Citation `RN242' on page 8 undefined on input line 227.


<fig4_temperature_scientific.pdf, id=358, 851.08528pt x 562.34015pt>
File: fig4_temperature_scientific.pdf Graphic file (type pdf)
<use fig4_temperature_scientific.pdf>
Package pdftex.def Info: fig4_temperature_scientific.pdf  used on input line 23
1.
(pdftex.def)             Requested size: 386.95897pt x 255.67639pt.

Package natbib Warning: Citation `RN242' on page 8 undefined on input line 236.



Package natbib Warning: Citation `RN242' on page 8 undefined on input line 236.


<fig10_temperature_modeling_scientific.pdf, id=360, 995.63594pt x 417.55939pt>
File: fig10_temperature_modeling_scientific.pdf Graphic file (type pdf)
<use fig10_temperature_modeling_scientific.pdf>
Package pdftex.def Info: fig10_temperature_modeling_scientific.pdf  used on inp
ut line 242.
(pdftex.def)             Requested size: 386.95897pt x 162.2868pt.

Package natbib Warning: Citation `RN312' on page 8 undefined on input line 251.



Package natbib Warning: Citation `RN310' on page 8 undefined on input line 251.


<fig2_rate_efficiency_scientific.pdf, id=362, 778.88869pt x 562.16273pt>
File: fig2_rate_efficiency_scientific.pdf Graphic file (type pdf)
<use fig2_rate_efficiency_scientific.pdf>
Package pdftex.def Info: fig2_rate_efficiency_scientific.pdf  used on input lin
e 255.
(pdftex.def)             Requested size: 386.95897pt x 279.28789pt.
[8 <./fig9_wood_species_comparison_scientific.pdf>]

Package natbib Warning: Citation `new_ref_4' on page 9 undefined on input line
260.


Package natbib Warning: Citation `RN312' on page 9 undefined on input line 260.



Package natbib Warning: Citation `RN309' on page 9 undefined on input line 260.



Package natbib Warning: Citation `RN1181' on page 9 undefined on input line 264
.


Package natbib Warning: Citation `new_ref_4' on page 9 undefined on input line
264.

[9 <./fig4_temperature_scientific.pdf> <./fig10_temperature_modeling_scientific
.pdf>]
<fig6_greenhouse_gas_scientific.pdf, id=630, 1068.00127pt x 489.79236pt>
File: fig6_greenhouse_gas_scientific.pdf Graphic file (type pdf)
<use fig6_greenhouse_gas_scientific.pdf>
Package pdftex.def Info: fig6_greenhouse_gas_scientific.pdf  used on input line
 268.
(pdftex.def)             Requested size: 386.95897pt x 177.46109pt.


Package natbib Warning: Citation `RN1181' on page 10 undefined on input line 27
3.

[10 <./fig2_rate_efficiency_scientific.pdf> <./fig6_greenhouse_gas_scientific.p
df>]

Package natbib Warning: Citation `RN625' on page 11 undefined on input line 277
.

<fig7_phosphorus_scientific.pdf, id=785, 851.14049pt x 561.67268pt>
File: fig7_phosphorus_scientific.pdf Graphic file (type pdf)
<use fig7_phosphorus_scientific.pdf>
Package pdftex.def Info: fig7_phosphorus_scientific.pdf  used on input line 281
.
(pdftex.def)             Requested size: 386.95897pt x 255.35577pt.

Package natbib Warning: Citation `RN625' on page 11 undefined on input line 286
.


Package natbib Warning: Citation `RN625' on page 11 undefined on input line 286
.


Package natbib Warning: Citation `RN625' on page 11 undefined on input line 290
.


Package natbib Warning: Citation `RN242' on page 11 undefined on input line 290
.

[11 <./fig7_phosphorus_scientific.pdf>]
<fig8_doc_leaching_scientific.pdf, id=881, 923.43242pt x 562.36711pt>
File: fig8_doc_leaching_scientific.pdf Graphic file (type pdf)
<use fig8_doc_leaching_scientific.pdf>
Package pdftex.def Info: fig8_doc_leaching_scientific.pdf  used on input line 2
94.
(pdftex.def)             Requested size: 386.95897pt x 235.66055pt.


Package natbib Warning: Citation `RN625' on page 12 undefined on input line 299
.


Package natbib Warning: Citation `RN625' on page 12 undefined on input line 299
.


Package natbib Warning: Citation `RN312' on page 12 undefined on input line 303
.


Package natbib Warning: Citation `RN312' on page 12 undefined on input line 303
.


Package natbib Warning: Citation `RN242' on page 12 undefined on input line 307
.


Package natbib Warning: Citation `RN312' on page 12 undefined on input line 311
.

[12 <./fig8_doc_leaching_scientific.pdf>]

Package natbib Warning: Citation `RN312' on page 13 undefined on input line 313
.


Package natbib Warning: Citation `RN312' on page 13 undefined on input line 317
.


Package natbib Warning: Citation `RN312' on page 13 undefined on input line 319
.


Package natbib Warning: Citation `new_ref_4' on page 13 undefined on input line
 323.


Package natbib Warning: Citation `RN312' on page 13 undefined on input line 327
.


Package natbib Warning: Citation `RN310' on page 13 undefined on input line 333
.


Package natbib Warning: Citation `RN312' on page 13 undefined on input line 333
.


Package natbib Warning: Citation `RN242' on page 13 undefined on input line 333
.

[13]

Package natbib Warning: Citation `new_ref_2' on page 14 undefined on input line
 335.


Package natbib Warning: Citation `new_ref_4' on page 14 undefined on input line
 335.


Package natbib Warning: Citation `RN309' on page 14 undefined on input line 337
.


Package natbib Warning: Citation `RN309' on page 14 undefined on input line 337
.


Package natbib Warning: Citation `RN310' on page 14 undefined on input line 341
.


Package natbib Warning: Citation `RN312' on page 14 undefined on input line 341
.


Package natbib Warning: Citation `RN625' on page 14 undefined on input line 341
.


Package natbib Warning: Citation `RN1181' on page 14 undefined on input line 34
1.


Package natbib Warning: Citation `RN310' on page 14 undefined on input line 343
.


Package natbib Warning: Citation `RN312' on page 14 undefined on input line 351
.


Package natbib Warning: Citation `RN1023' on page 14 undefined on input line 35
3.


Package natbib Warning: Citation `RN258' on page 14 undefined on input line 353
.


Package natbib Warning: Citation `RN312' on page 14 undefined on input line 355
.

[14]

! LaTeX Error: Unicode character θ (U+03B8)
               not set up for use with LaTeX.

See the LaTeX manual or LaTeX Companion for explanation.
Type  H <return>  for immediate help.
 ...

l.359 ...: The reported temperature coefficient θ
                                                   = 1.16 ± 0.08 and Q$_{10...

?
! Emergency stop.
 ...

l.359 ...: The reported temperature coefficient θ
                                                   = 1.16 ± 0.08 and Q$_{10...

You may provide a definition with
\DeclareUnicodeCharacter


Here is how much of TeX's memory you used:
 16017 strings out of 474477
 255275 string characters out of 5756855
 1938975 words of memory out of 5000000
 37727 multiletter control sequences out of 15000+600000
 639027 words of font info for 203 fonts, out of 8000000 for 9000
 1038 hyphenation exceptions out of 8191
 75i,11n,79p,1464b,482s stack positions out of 10000i,1000n,20000p,200000b,200000s
!  ==> Fatal error occurred, no output PDF file produced!
