This is pdfTeX, Version 3.141592653-2.6-1.40.25 (MiKTeX 24.1 Portable) (preloaded format=pdflatex 2025.8.29)  11 SEP 2025 15:53
entering extended mode
 restricted \write18 enabled.
 %&-line parsing enabled.
**./supplementary_material.tex
(supplementary_material.tex
LaTeX2e <2023-11-01> patch level 1
L3 programming layer <2024-01-04>

(C:\Users\moghaddamr\scoop\apps\miktex\current\texmfs\install\tex/latex/base\ar
ticle.cls
Document Class: article 2023/05/17 v1.4n Standard LaTeX document class

(C:\Users\moghaddamr\scoop\apps\miktex\current\texmfs\install\tex/latex/base\si
ze12.clo
File: size12.clo 2023/05/17 v1.4n Standard LaTeX file (size option)
)
\c@part=\count187
\c@section=\count188
\c@subsection=\count189
\c@subsubsection=\count190
\c@paragraph=\count191
\c@subparagraph=\count192
\c@figure=\count193
\c@table=\count194
\abovecaptionskip=\skip48
\belowcaptionskip=\skip49
\bibindent=\dimen140
)
(C:\Users\moghaddamr\scoop\apps\miktex\current\texmfs\install\tex/latex/amsmath
\amsmath.sty
Package: amsmath 2023/05/13 v2.17o AMS math features
\@mathmargin=\skip50

For additional information on amsmath, use the `?' option.

(C:\Users\moghaddamr\scoop\apps\miktex\current\texmfs\install\tex/latex/amsmath
\amstext.sty
Package: amstext 2021/08/26 v2.01 AMS text

(C:\Users\moghaddamr\scoop\apps\miktex\current\texmfs\install\tex/latex/amsmath
\amsgen.sty
File: amsgen.sty 1999/11/30 v2.0 generic functions
\@emptytoks=\toks17
\ex@=\dimen141
))
(C:\Users\moghaddamr\scoop\apps\miktex\current\texmfs\install\tex/latex/amsmath
\amsbsy.sty
Package: amsbsy 1999/11/29 v1.2d Bold Symbols
\pmbraise@=\dimen142
)
(C:\Users\moghaddamr\scoop\apps\miktex\current\texmfs\install\tex/latex/amsmath
\amsopn.sty
Package: amsopn 2022/04/08 v2.04 operator names
)
\inf@bad=\count195
LaTeX Info: Redefining \frac on input line 234.
\uproot@=\count196
\leftroot@=\count197
LaTeX Info: Redefining \overline on input line 399.
LaTeX Info: Redefining \colon on input line 410.
\classnum@=\count198
\DOTSCASE@=\count199
LaTeX Info: Redefining \ldots on input line 496.
LaTeX Info: Redefining \dots on input line 499.
LaTeX Info: Redefining \cdots on input line 620.
\Mathstrutbox@=\box51
\strutbox@=\box52
LaTeX Info: Redefining \big on input line 722.
LaTeX Info: Redefining \Big on input line 723.
LaTeX Info: Redefining \bigg on input line 724.
LaTeX Info: Redefining \Bigg on input line 725.
\big@size=\dimen143
LaTeX Font Info:    Redeclaring font encoding OML on input line 743.
LaTeX Font Info:    Redeclaring font encoding OMS on input line 744.
\macc@depth=\count266
LaTeX Info: Redefining \bmod on input line 905.
LaTeX Info: Redefining \pmod on input line 910.
LaTeX Info: Redefining \smash on input line 940.
LaTeX Info: Redefining \relbar on input line 970.
LaTeX Info: Redefining \Relbar on input line 971.
\c@MaxMatrixCols=\count267
\dotsspace@=\muskip16
\c@parentequation=\count268
\dspbrk@lvl=\count269
\tag@help=\toks18
\row@=\count270
\column@=\count271
\maxfields@=\count272
\andhelp@=\toks19
\eqnshift@=\dimen144
\alignsep@=\dimen145
\tagshift@=\dimen146
\tagwidth@=\dimen147
\totwidth@=\dimen148
\lineht@=\dimen149
\@envbody=\toks20
\multlinegap=\skip51
\multlinetaggap=\skip52
\mathdisplay@stack=\toks21
LaTeX Info: Redefining \[ on input line 2953.
LaTeX Info: Redefining \] on input line 2954.
)
(C:\Users\moghaddamr\scoop\apps\miktex\current\texmfs\install\tex/latex/amsfont
s\amssymb.sty
Package: amssymb 2013/01/14 v3.01 AMS font symbols

(C:\Users\moghaddamr\scoop\apps\miktex\current\texmfs\install\tex/latex/amsfont
s\amsfonts.sty
Package: amsfonts 2013/01/14 v3.01 Basic AMSFonts support
\symAMSa=\mathgroup4
\symAMSb=\mathgroup5
LaTeX Font Info:    Redeclaring math symbol \hbar on input line 98.
LaTeX Font Info:    Overwriting math alphabet `\mathfrak' in version `bold'
(Font)                  U/euf/m/n --> U/euf/b/n on input line 106.
))
(C:\Users\moghaddamr\scoop\apps\miktex\current\texmfs\install\tex/latex/graphic
s\graphicx.sty
Package: graphicx 2021/09/16 v1.2d Enhanced LaTeX Graphics (DPC,SPQR)

(C:\Users\moghaddamr\scoop\apps\miktex\current\texmfs\install\tex/latex/graphic
s\keyval.sty
Package: keyval 2022/05/29 v1.15 key=value parser (DPC)
\KV@toks@=\toks22
)
(C:\Users\moghaddamr\scoop\apps\miktex\current\texmfs\install\tex/latex/graphic
s\graphics.sty
Package: graphics 2022/03/10 v1.4e Standard LaTeX Graphics (DPC,SPQR)

(C:\Users\moghaddamr\scoop\apps\miktex\current\texmfs\install\tex/latex/graphic
s\trig.sty
Package: trig 2021/08/11 v1.11 sin cos tan (DPC)
)
(C:\Users\moghaddamr\scoop\apps\miktex\current\texmfs\install\tex/latex/graphic
s-cfg\graphics.cfg
File: graphics.cfg 2016/06/04 v1.11 sample graphics configuration
)
Package graphics Info: Driver file: pdftex.def on input line 107.

(C:\Users\moghaddamr\scoop\apps\miktex\current\texmfs\install\tex/latex/graphic
s-def\pdftex.def
File: pdftex.def 2022/09/22 v1.2b Graphics/color driver for pdftex
))
\Gin@req@height=\dimen150
\Gin@req@width=\dimen151
)
(C:\Users\moghaddamr\scoop\apps\miktex\current\texmfs\install\tex/latex/hyperre
f\hyperref.sty
Package: hyperref 2023-11-26 v7.01g Hypertext links for LaTeX

(C:\Users\moghaddamr\scoop\apps\miktex\current\texmfs\install\tex/generic/iftex
\iftex.sty
Package: iftex 2022/02/03 v1.0f TeX engine tests
)
(C:\Users\moghaddamr\scoop\apps\miktex\current\texmfs\install\tex/generic/infwa
rerr\infwarerr.sty
Package: infwarerr 2019/12/03 v1.5 Providing info/warning/error messages (HO)
)
(C:\Users\moghaddamr\scoop\apps\miktex\current\texmfs\install\tex/latex/kvsetke
ys\kvsetkeys.sty
Package: kvsetkeys 2022-10-05 v1.19 Key value parser (HO)
)
(C:\Users\moghaddamr\scoop\apps\miktex\current\texmfs\install\tex/generic/kvdef
inekeys\kvdefinekeys.sty
Package: kvdefinekeys 2019-12-19 v1.6 Define keys (HO)
)
(C:\Users\moghaddamr\scoop\apps\miktex\current\texmfs\install\tex/generic/pdfes
cape\pdfescape.sty
Package: pdfescape 2019/12/09 v1.15 Implements pdfTeX's escape features (HO)

(C:\Users\moghaddamr\scoop\apps\miktex\current\texmfs\install\tex/generic/ltxcm
ds\ltxcmds.sty
Package: ltxcmds 2023-12-04 v1.26 LaTeX kernel commands for general use (HO)
)
(C:\Users\moghaddamr\scoop\apps\miktex\current\texmfs\install\tex/generic/pdfte
xcmds\pdftexcmds.sty
Package: pdftexcmds 2020-06-27 v0.33 Utility functions of pdfTeX for LuaTeX (HO
)
Package pdftexcmds Info: \pdf@primitive is available.
Package pdftexcmds Info: \pdf@ifprimitive is available.
Package pdftexcmds Info: \pdfdraftmode found.
))
(C:\Users\moghaddamr\scoop\apps\miktex\current\texmfs\install\tex/latex/hycolor
\hycolor.sty
Package: hycolor 2020-01-27 v1.10 Color options for hyperref/bookmark (HO)
)
(C:\Users\moghaddamr\scoop\apps\miktex\current\texmfs\install\tex/latex/letltxm
acro\letltxmacro.sty
Package: letltxmacro 2019/12/03 v1.6 Let assignment for LaTeX macros (HO)
)
(C:\Users\moghaddamr\scoop\apps\miktex\current\texmfs\install\tex/latex/auxhook
\auxhook.sty
Package: auxhook 2019-12-17 v1.6 Hooks for auxiliary files (HO)
)
(C:\Users\moghaddamr\scoop\apps\miktex\current\texmfs\install\tex/latex/hyperre
f\nameref.sty
Package: nameref 2023-11-26 v2.56 Cross-referencing by name of section

(C:\Users\moghaddamr\scoop\apps\miktex\current\texmfs\install\tex/latex/refcoun
t\refcount.sty
Package: refcount 2019/12/15 v3.6 Data extraction from label references (HO)
)
(C:\Users\moghaddamr\scoop\apps\miktex\current\texmfs\install\tex/generic/getti
tlestring\gettitlestring.sty
Package: gettitlestring 2019/12/15 v1.6 Cleanup title references (HO)

(C:\Users\moghaddamr\scoop\apps\miktex\current\texmfs\install\tex/latex/kvoptio
ns\kvoptions.sty
Package: kvoptions 2022-06-15 v3.15 Key value format for package options (HO)
))
\c@section@level=\count273
)
(C:\Users\moghaddamr\scoop\apps\miktex\current\texmfs\install\tex/latex/etoolbo
x\etoolbox.sty
Package: etoolbox 2020/10/05 v2.5k e-TeX tools for LaTeX (JAW)
\etb@tempcnta=\count274
)
\@linkdim=\dimen152
\Hy@linkcounter=\count275
\Hy@pagecounter=\count276

(C:\Users\moghaddamr\scoop\apps\miktex\current\texmfs\install\tex/latex/hyperre
f\pd1enc.def
File: pd1enc.def 2023-11-26 v7.01g Hyperref: PDFDocEncoding definition (HO)
Now handling font encoding PD1 ...
... no UTF-8 mapping file for font encoding PD1
)
(C:\Users\moghaddamr\scoop\apps\miktex\current\texmfs\install\tex/generic/intca
lc\intcalc.sty
Package: intcalc 2019/12/15 v1.3 Expandable calculations with integers (HO)
)
\Hy@SavedSpaceFactor=\count277

(C:\Users\moghaddamr\scoop\apps\miktex\current\texmfs\install\tex/latex/hyperre
f\puenc.def
File: puenc.def 2023-11-26 v7.01g Hyperref: PDF Unicode definition (HO)
Now handling font encoding PU ...
... no UTF-8 mapping file for font encoding PU
)
Package hyperref Info: Hyper figures OFF on input line 4181.
Package hyperref Info: Link nesting OFF on input line 4186.
Package hyperref Info: Hyper index ON on input line 4189.
Package hyperref Info: Plain pages OFF on input line 4196.
Package hyperref Info: Backreferencing OFF on input line 4201.
Package hyperref Info: Implicit mode ON; LaTeX internals redefined.
Package hyperref Info: Bookmarks ON on input line 4448.
\c@Hy@tempcnt=\count278

(C:\Users\moghaddamr\scoop\apps\miktex\current\texmfs\install\tex/latex/url\url
.sty
\Urlmuskip=\muskip17
Package: url 2013/09/16  ver 3.4  Verb mode for urls, etc.
)
LaTeX Info: Redefining \url on input line 4786.
\XeTeXLinkMargin=\dimen153

(C:\Users\moghaddamr\scoop\apps\miktex\current\texmfs\install\tex/generic/bitse
t\bitset.sty
Package: bitset 2019/12/09 v1.3 Handle bit-vector datatype (HO)

(C:\Users\moghaddamr\scoop\apps\miktex\current\texmfs\install\tex/generic/bigin
tcalc\bigintcalc.sty
Package: bigintcalc 2019/12/15 v1.5 Expandable calculations on big integers (HO
)
))
\Fld@menulength=\count279
\Field@Width=\dimen154
\Fld@charsize=\dimen155
Package hyperref Info: Hyper figures OFF on input line 6065.
Package hyperref Info: Link nesting OFF on input line 6070.
Package hyperref Info: Hyper index ON on input line 6073.
Package hyperref Info: backreferencing OFF on input line 6080.
Package hyperref Info: Link coloring OFF on input line 6085.
Package hyperref Info: Link coloring with OCG OFF on input line 6090.
Package hyperref Info: PDF/A mode OFF on input line 6095.

(C:\Users\moghaddamr\scoop\apps\miktex\current\texmfs\install\tex/latex/base\at
begshi-ltx.sty
Package: atbegshi-ltx 2021/01/10 v1.0c Emulation of the original atbegshi
package with kernel methods
)
\Hy@abspage=\count280
\c@Item=\count281
\c@Hfootnote=\count282
)
Package hyperref Info: Driver (autodetected): hpdftex.

(C:\Users\moghaddamr\scoop\apps\miktex\current\texmfs\install\tex/latex/hyperre
f\hpdftex.def
File: hpdftex.def 2023-11-26 v7.01g Hyperref driver for pdfTeX

(C:\Users\moghaddamr\scoop\apps\miktex\current\texmfs\install\tex/latex/base\at
veryend-ltx.sty
Package: atveryend-ltx 2020/08/19 v1.0a Emulation of the original atveryend pac
kage
with kernel methods
)
\Fld@listcount=\count283
\c@bookmark@seq@number=\count284

(C:\Users\moghaddamr\scoop\apps\miktex\current\texmfs\install\tex/latex/rerunfi
lecheck\rerunfilecheck.sty
Package: rerunfilecheck 2025-06-21 v1.11 Rerun checks for auxiliary files (HO)

(C:\Users\moghaddamr\scoop\apps\miktex\current\texmfs\install\tex/generic/uniqu
ecounter\uniquecounter.sty
Package: uniquecounter 2019/12/15 v1.4 Provide unlimited unique counter (HO)
)
Package uniquecounter Info: New unique counter `rerunfilecheck' on input line 2
84.
)
\Hy@SectionHShift=\skip53
)
(C:\Users\moghaddamr\scoop\apps\miktex\current\texmfs\install\tex/latex/natbib\
natbib.sty
Package: natbib 2010/09/13 8.31b (PWD, AO)
\bibhang=\skip54
\bibsep=\skip55
LaTeX Info: Redefining \cite on input line 694.
\c@NAT@ctr=\count285
)
(C:\Users\moghaddamr\scoop\apps\miktex\current\texmfs\install\tex/latex/xcolor\
xcolor.sty
Package: xcolor 2023/11/15 v3.01 LaTeX color extensions (UK)

(C:\Users\moghaddamr\scoop\apps\miktex\current\texmfs\install\tex/latex/graphic
s-cfg\color.cfg
File: color.cfg 2016/01/02 v1.6 sample color configuration
)
Package xcolor Info: Driver file: pdftex.def on input line 274.

(C:\Users\moghaddamr\scoop\apps\miktex\current\texmfs\install\tex/latex/graphic
s\mathcolor.ltx)
Package xcolor Info: Model `cmy' substituted by `cmy0' on input line 1350.
Package xcolor Info: Model `hsb' substituted by `rgb' on input line 1354.
Package xcolor Info: Model `RGB' extended on input line 1366.
Package xcolor Info: Model `HTML' substituted by `rgb' on input line 1368.
Package xcolor Info: Model `Hsb' substituted by `hsb' on input line 1369.
Package xcolor Info: Model `tHsb' substituted by `hsb' on input line 1370.
Package xcolor Info: Model `HSB' substituted by `hsb' on input line 1371.
Package xcolor Info: Model `Gray' substituted by `gray' on input line 1372.
Package xcolor Info: Model `wave' substituted by `hsb' on input line 1373.
)
(C:\Users\moghaddamr\scoop\apps\miktex\current\texmfs\install\tex/latex/booktab
s\booktabs.sty
Package: booktabs 2020/01/12 v1.61803398 Publication quality tables
\heavyrulewidth=\dimen156
\lightrulewidth=\dimen157
\cmidrulewidth=\dimen158
\belowrulesep=\dimen159
\belowbottomsep=\dimen160
\aboverulesep=\dimen161
\abovetopsep=\dimen162
\cmidrulesep=\dimen163
\cmidrulekern=\dimen164
\defaultaddspace=\dimen165
\@cmidla=\count286
\@cmidlb=\count287
\@aboverulesep=\dimen166
\@belowrulesep=\dimen167
\@thisruleclass=\count288
\@lastruleclass=\count289
\@thisrulewidth=\dimen168
)
(C:\Users\moghaddamr\scoop\apps\miktex\current\texmfs\install\tex/latex/caption
\caption.sty
Package: caption 2023/08/05 v3.6o Customizing captions (AR)

(C:\Users\moghaddamr\scoop\apps\miktex\current\texmfs\install\tex/latex/caption
\caption3.sty
Package: caption3 2023/07/31 v2.4d caption3 kernel (AR)
\caption@tempdima=\dimen169
\captionmargin=\dimen170
\caption@leftmargin=\dimen171
\caption@rightmargin=\dimen172
\caption@width=\dimen173
\caption@indent=\dimen174
\caption@parindent=\dimen175
\caption@hangindent=\dimen176
Package caption Info: Standard document class detected.
)
\c@caption@flags=\count290
\c@continuedfloat=\count291
Package caption Info: hyperref package is loaded.
)
(C:\Users\moghaddamr\scoop\apps\miktex\current\texmfs\install\tex/latex/caption
\subcaption.sty
Package: subcaption 2023/07/28 v1.6b Sub-captions (AR)
Package caption Info: New subtype `subfigure' on input line 238.
\c@subfigure=\count292
Package caption Info: New subtype `subtable' on input line 238.
\c@subtable=\count293
)
(C:\Users\moghaddamr\scoop\apps\miktex\current\texmfs\install\tex/latex/setspac
e\setspace.sty
Package: setspace 2022/12/04 v6.7b set line spacing
)
(C:\Users\moghaddamr\scoop\apps\miktex\current\texmfs\install\tex/latex/geometr
y\geometry.sty
Package: geometry 2020/01/02 v5.9 Page Geometry

(C:\Users\moghaddamr\scoop\apps\miktex\current\texmfs\install\tex/generic/iftex
\ifvtex.sty
Package: ifvtex 2019/10/25 v1.7 ifvtex legacy package. Use iftex instead.
)
\Gm@cnth=\count294
\Gm@cntv=\count295
\c@Gm@tempcnt=\count296
\Gm@bindingoffset=\dimen177
\Gm@wd@mp=\dimen178
\Gm@odd@mp=\dimen179
\Gm@even@mp=\dimen180
\Gm@layoutwidth=\dimen181
\Gm@layoutheight=\dimen182
\Gm@layouthoffset=\dimen183
\Gm@layoutvoffset=\dimen184
\Gm@dimlist=\toks23

(C:\Users\moghaddamr\scoop\apps\miktex\current\texmfs\install\tex/latex/geometr
y\geometry.cfg))
(C:\Users\moghaddamr\scoop\apps\miktex\current\texmfs\install\tex/latex/float\f
loat.sty
Package: float 2001/11/08 v1.3d Float enhancements (AL)
\c@float@type=\count297
\float@exts=\toks24
\float@box=\box53
\@float@everytoks=\toks25
\@floatcapt=\box54
)
(C:\Users\moghaddamr\scoop\apps\miktex\current\texmfs\install\tex/latex/enumite
m\enumitem.sty
Package: enumitem 2025/02/06 v3.11 Customized lists
\labelindent=\skip56
\enit@outerparindent=\dimen185
\enit@toks=\toks26
\enit@inbox=\box55
\enit@count@id=\count298
\enitdp@description=\count299
)
(C:\Users\moghaddamr\scoop\apps\miktex\current\texmfs\install\tex/latex/fancyhd
r\fancyhdr.sty
Package: fancyhdr 2025/02/07 v5.2 Extensive control of page headers and footers

\f@nch@headwidth=\skip57
\f@nch@offset@elh=\skip58
\f@nch@offset@erh=\skip59
\f@nch@offset@olh=\skip60
\f@nch@offset@orh=\skip61
\f@nch@offset@elf=\skip62
\f@nch@offset@erf=\skip63
\f@nch@offset@olf=\skip64
\f@nch@offset@orf=\skip65
\f@nch@height=\skip66
\f@nch@footalignment=\skip67
\f@nch@widthL=\skip68
\f@nch@widthC=\skip69
\f@nch@widthR=\skip70
\@temptokenb=\toks27
)
(C:\Users\moghaddamr\scoop\apps\miktex\current\texmfs\install\tex/latex/microty
pe\microtype.sty
Package: microtype 2025/07/09 v3.2b Micro-typographical refinements (RS)
\MT@toks=\toks28
\MT@tempbox=\box56
\MT@count=\count300
LaTeX Info: Redefining \noprotrusionifhmode on input line 1087.
LaTeX Info: Redefining \leftprotrusion on input line 1088.
\MT@prot@toks=\toks29
LaTeX Info: Redefining \rightprotrusion on input line 1107.
LaTeX Info: Redefining \textls on input line 1449.
\MT@outer@kern=\dimen186
LaTeX Info: Redefining \microtypecontext on input line 2053.
LaTeX Info: Redefining \textmicrotypecontext on input line 2070.
\MT@listname@count=\count301

(C:\Users\moghaddamr\scoop\apps\miktex\current\texmfs\install\tex/latex/microty
pe\microtype-pdftex.def
File: microtype-pdftex.def 2025/07/09 v3.2b Definitions specific to pdftex (RS)

LaTeX Info: Redefining \lsstyle on input line 944.
LaTeX Info: Redefining \lslig on input line 944.
\MT@outer@space=\skip71
)
Package microtype Info: Loading configuration file microtype.cfg.

(C:\Users\moghaddamr\scoop\apps\miktex\current\texmfs\install\tex/latex/microty
pe\microtype.cfg
File: microtype.cfg 2025/07/09 v3.2b microtype main configuration file (RS)
)
LaTeX Info: Redefining \microtypesetup on input line 3065.
)
(C:\Users\moghaddamr\scoop\apps\miktex\current\texmfs\install\tex/latex/base\fo
ntenc.sty
Package: fontenc 2021/04/29 v2.0v Standard LaTeX package
)
(C:\Users\moghaddamr\scoop\apps\miktex\current\texmfs\install\tex/latex/lm\lmod
ern.sty
Package: lmodern 2015/05/01 v1.6.1 Latin Modern Fonts
LaTeX Font Info:    Overwriting symbol font `operators' in version `normal'
(Font)                  OT1/cmr/m/n --> OT1/lmr/m/n on input line 22.
LaTeX Font Info:    Overwriting symbol font `letters' in version `normal'
(Font)                  OML/cmm/m/it --> OML/lmm/m/it on input line 23.
LaTeX Font Info:    Overwriting symbol font `symbols' in version `normal'
(Font)                  OMS/cmsy/m/n --> OMS/lmsy/m/n on input line 24.
LaTeX Font Info:    Overwriting symbol font `largesymbols' in version `normal'
(Font)                  OMX/cmex/m/n --> OMX/lmex/m/n on input line 25.
LaTeX Font Info:    Overwriting symbol font `operators' in version `bold'
(Font)                  OT1/cmr/bx/n --> OT1/lmr/bx/n on input line 26.
LaTeX Font Info:    Overwriting symbol font `letters' in version `bold'
(Font)                  OML/cmm/b/it --> OML/lmm/b/it on input line 27.
LaTeX Font Info:    Overwriting symbol font `symbols' in version `bold'
(Font)                  OMS/cmsy/b/n --> OMS/lmsy/b/n on input line 28.
LaTeX Font Info:    Overwriting symbol font `largesymbols' in version `bold'
(Font)                  OMX/cmex/m/n --> OMX/lmex/m/n on input line 29.
LaTeX Font Info:    Overwriting math alphabet `\mathbf' in version `normal'
(Font)                  OT1/cmr/bx/n --> OT1/lmr/bx/n on input line 31.
LaTeX Font Info:    Overwriting math alphabet `\mathsf' in version `normal'
(Font)                  OT1/cmss/m/n --> OT1/lmss/m/n on input line 32.
LaTeX Font Info:    Overwriting math alphabet `\mathit' in version `normal'
(Font)                  OT1/cmr/m/it --> OT1/lmr/m/it on input line 33.
LaTeX Font Info:    Overwriting math alphabet `\mathtt' in version `normal'
(Font)                  OT1/cmtt/m/n --> OT1/lmtt/m/n on input line 34.
LaTeX Font Info:    Overwriting math alphabet `\mathbf' in version `bold'
(Font)                  OT1/cmr/bx/n --> OT1/lmr/bx/n on input line 35.
LaTeX Font Info:    Overwriting math alphabet `\mathsf' in version `bold'
(Font)                  OT1/cmss/bx/n --> OT1/lmss/bx/n on input line 36.
LaTeX Font Info:    Overwriting math alphabet `\mathit' in version `bold'
(Font)                  OT1/cmr/bx/it --> OT1/lmr/bx/it on input line 37.
LaTeX Font Info:    Overwriting math alphabet `\mathtt' in version `bold'
(Font)                  OT1/cmtt/m/n --> OT1/lmtt/m/n on input line 38.
)
(C:\Users\moghaddamr\scoop\apps\miktex\current\texmfs\install\tex/latex/pdflsca
pe\pdflscape.sty
Package: pdflscape 2022-10-27 v0.13 Display of landscape pages in PDF

(C:\Users\moghaddamr\scoop\apps\miktex\current\texmfs\install\tex/latex/pdflsca
pe\pdflscape-nometadata.sty
Package: pdflscape-nometadata 2022-10-28 v0.13 Display of landscape pages in PD
F (HO)

(C:\Users\moghaddamr\scoop\apps\miktex\current\texmfs\install\tex/latex/graphic
s\lscape.sty
Package: lscape 2020/05/28 v3.02 Landscape Pages (DPC)
)
Package pdflscape Info: Auto-detected driver: pdftex on input line 81.
))

Package geometry Warning: Over-specification in `h'-direction.
    `width' (483.69684pt) is ignored.


Package geometry Warning: Over-specification in `v'-direction.
    `height' (731.23582pt) is ignored.


(C:\Users\moghaddamr\scoop\apps\miktex\current\texmfs\install\tex/latex/titlese
c\titlesec.sty
Package: titlesec 2025/01/04 v2.17 Sectioning titles
\ttl@box=\box57
\beforetitleunit=\skip72
\aftertitleunit=\skip73
\ttl@plus=\dimen187
\ttl@minus=\dimen188
\ttl@toksa=\toks30
\titlewidth=\dimen189
\titlewidthlast=\dimen190
\titlewidthfirst=\dimen191
)
Package hyperref Info: Option `colorlinks' set `true' on input line 56.
LaTeX Font Info:    Trying to load font information for T1+lmr on input line 70
.

(C:\Users\moghaddamr\scoop\apps\miktex\current\texmfs\install\tex/latex/lm\t1lm
r.fd
File: t1lmr.fd 2015/05/01 v1.6.1 Font defs for Latin Modern
)
(C:\Users\moghaddamr\scoop\apps\miktex\current\texmfs\install\tex/latex/l3backe
nd\l3backend-pdftex.def
File: l3backend-pdftex.def 2024-01-04 L3 backend support: PDF output (pdfTeX)
\l__color_backend_stack_int=\count302
\l__pdf_internal_box=\box58
) (supplementary_material.aux)
\openout1 = `supplementary_material.aux'.

LaTeX Font Info:    Checking defaults for OML/cmm/m/it on input line 70.
LaTeX Font Info:    ... okay on input line 70.
LaTeX Font Info:    Checking defaults for OMS/cmsy/m/n on input line 70.
LaTeX Font Info:    ... okay on input line 70.
LaTeX Font Info:    Checking defaults for OT1/cmr/m/n on input line 70.
LaTeX Font Info:    ... okay on input line 70.
LaTeX Font Info:    Checking defaults for T1/cmr/m/n on input line 70.
LaTeX Font Info:    ... okay on input line 70.
LaTeX Font Info:    Checking defaults for TS1/cmr/m/n on input line 70.
LaTeX Font Info:    ... okay on input line 70.
LaTeX Font Info:    Checking defaults for OMX/cmex/m/n on input line 70.
LaTeX Font Info:    ... okay on input line 70.
LaTeX Font Info:    Checking defaults for U/cmr/m/n on input line 70.
LaTeX Font Info:    ... okay on input line 70.
LaTeX Font Info:    Checking defaults for PD1/pdf/m/n on input line 70.
LaTeX Font Info:    ... okay on input line 70.
LaTeX Font Info:    Checking defaults for PU/pdf/m/n on input line 70.
LaTeX Font Info:    ... okay on input line 70.

(C:\Users\moghaddamr\scoop\apps\miktex\current\texmfs\install\tex/context/base/
mkii\supp-pdf.mkii
[Loading MPS to PDF converter (version 2006.09.02).]
\scratchcounter=\count303
\scratchdimen=\dimen192
\scratchbox=\box59
\nofMPsegments=\count304
\nofMParguments=\count305
\everyMPshowfont=\toks31
\MPscratchCnt=\count306
\MPscratchDim=\dimen193
\MPnumerator=\count307
\makeMPintoPDFobject=\count308
\everyMPtoPDFconversion=\toks32
)
(C:\Users\moghaddamr\scoop\apps\miktex\current\texmfs\install\tex/latex/epstopd
f-pkg\epstopdf-base.sty
Package: epstopdf-base 2020-01-24 v2.11 Base part for package epstopdf
Package epstopdf-base Info: Redefining graphics rule for `.eps' on input line 4
85.

(C:\Users\moghaddamr\scoop\apps\miktex\current\texmfs\install\tex/latex/00mikte
x\epstopdf-sys.cfg
File: epstopdf-sys.cfg 2021/03/18 v2.0 Configuration of epstopdf for MiKTeX
))
Package hyperref Info: Link coloring ON on input line 70.
 (supplementary_material.out) (supplementary_material.out)
\@outlinefile=\write3
\openout3 = `supplementary_material.out'.

Package caption Info: Begin \AtBeginDocument code.
Package caption Info: float package is loaded.
Package caption Info: End \AtBeginDocument code.

*geometry* driver: auto-detecting
*geometry* detected driver: pdftex
*geometry* verbose mode - [ preamble ] result:
* driver: pdftex
* paper: a4paper
* layout: <same size as paper>
* layoutoffset:(h,v)=(0.0pt,0.0pt)
* modes: 
* h-part:(L,W,R)=(56.9055pt, 483.69687pt, 56.9055pt)
* v-part:(T,H,B)=(56.9055pt, 731.23584pt, 56.9055pt)
* \paperwidth=597.50787pt
* \paperheight=845.04684pt
* \textwidth=483.69687pt
* \textheight=731.23584pt
* \oddsidemargin=-15.36449pt
* \evensidemargin=-15.36449pt
* \topmargin=-54.86449pt
* \headheight=14.5pt
* \headsep=25.0pt
* \topskip=12.0pt
* \footskip=30.0pt
* \marginparwidth=35.0pt
* \marginparsep=10.0pt
* \columnsep=10.0pt
* \skip\footins=10.8pt plus 4.0pt minus 2.0pt
* \hoffset=0.0pt
* \voffset=0.0pt
* \mag=1000
* \@twocolumnfalse
* \@twosidefalse
* \@mparswitchfalse
* \@reversemarginfalse
* (1in=72.27pt=25.4mm, 1cm=28.453pt)

LaTeX Info: Redefining \microtypecontext on input line 70.
Package microtype Info: Applying patch `item' on input line 70.
Package microtype Info: Applying patch `toc' on input line 70.
Package microtype Info: Applying patch `eqnum' on input line 70.

Package microtype Warning: Unable to apply patch `footnote' on input line 70.

Package microtype Info: Applying patch `verbatim' on input line 70.
LaTeX Info: Redefining \microtypesetup on input line 70.
Package microtype Info: Generating PDF output.
Package microtype Info: Character protrusion enabled (level 2).
Package microtype Info: Using default protrusion set `alltext'.
Package microtype Info: Automatic font expansion enabled (level 2),
(microtype)             stretch: 20, shrink: 20, step: 1, non-selected.
Package microtype Info: Using default expansion set `alltext-nott'.
Package microtype Info: Patching command `\showhyphens'.
Package microtype Info: No adjustment of tracking.
Package microtype Info: No adjustment of interword spacing.
Package microtype Info: No adjustment of character kerning.

(C:\Users\moghaddamr\scoop\apps\miktex\current\texmfs\install\tex/latex/microty
pe\mt-cmr.cfg
File: mt-cmr.cfg 2013/05/19 v2.2 microtype config. file: Computer Modern Roman 
(RS)
)
LaTeX Font Info:    Trying to load font information for OT1+lmr on input line 7
3.

(C:\Users\moghaddamr\scoop\apps\miktex\current\texmfs\install\tex/latex/lm\ot1l
mr.fd
File: ot1lmr.fd 2015/05/01 v1.6.1 Font defs for Latin Modern
)
LaTeX Font Info:    Trying to load font information for OML+lmm on input line 7
3.

(C:\Users\moghaddamr\scoop\apps\miktex\current\texmfs\install\tex/latex/lm\omll
mm.fd
File: omllmm.fd 2015/05/01 v1.6.1 Font defs for Latin Modern
)
LaTeX Font Info:    Trying to load font information for OMS+lmsy on input line 
73.

(C:\Users\moghaddamr\scoop\apps\miktex\current\texmfs\install\tex/latex/lm\omsl
msy.fd
File: omslmsy.fd 2015/05/01 v1.6.1 Font defs for Latin Modern
)
LaTeX Font Info:    Trying to load font information for OMX+lmex on input line 
73.

(C:\Users\moghaddamr\scoop\apps\miktex\current\texmfs\install\tex/latex/lm\omxl
mex.fd
File: omxlmex.fd 2015/05/01 v1.6.1 Font defs for Latin Modern
)
LaTeX Font Info:    External font `lmex10' loaded for size
(Font)              <14.4> on input line 73.
LaTeX Font Info:    External font `lmex10' loaded for size
(Font)              <10> on input line 73.
LaTeX Font Info:    External font `lmex10' loaded for size
(Font)              <7> on input line 73.
LaTeX Font Info:    Trying to load font information for U+msa on input line 73.


(C:\Users\moghaddamr\scoop\apps\miktex\current\texmfs\install\tex/latex/amsfont
s\umsa.fd
File: umsa.fd 2013/01/14 v3.01 AMS symbols A
)
(C:\Users\moghaddamr\scoop\apps\miktex\current\texmfs\install\tex/latex/microty
pe\mt-msa.cfg
File: mt-msa.cfg 2006/02/04 v1.1 microtype config. file: AMS symbols (a) (RS)
)
LaTeX Font Info:    Trying to load font information for U+msb on input line 73.


(C:\Users\moghaddamr\scoop\apps\miktex\current\texmfs\install\tex/latex/amsfont
s\umsb.fd
File: umsb.fd 2013/01/14 v3.01 AMS symbols B
)
(C:\Users\moghaddamr\scoop\apps\miktex\current\texmfs\install\tex/latex/microty
pe\mt-msb.cfg
File: mt-msb.cfg 2005/06/01 v1.0 microtype config. file: AMS symbols (b) (RS)
)
LaTeX Font Info:    External font `lmex10' loaded for size
(Font)              <5> on input line 76.
<fig_synthesis_enhancement_pathways.pdf, id=59, 1144.66832pt x 851.04074pt>
File: fig_synthesis_enhancement_pathways.pdf Graphic file (type pdf)
<use fig_synthesis_enhancement_pathways.pdf>
Package pdftex.def Info: fig_synthesis_enhancement_pathways.pdf  used on input 
line 94.
(pdftex.def)             Requested size: 483.69687pt x 359.61629pt.
LaTeX Font Info:    External font `lmex10' loaded for size
(Font)              <12> on input line 99.
LaTeX Font Info:    External font `lmex10' loaded for size
(Font)              <8> on input line 99.
LaTeX Font Info:    External font `lmex10' loaded for size
(Font)              <6> on input line 99.
 [1

{C:/Users/moghaddamr/scoop/apps/miktex/current/texmfs/data/fonts/map/pdftex/pdf
tex.map}{C:/Users/moghaddamr/scoop/apps/miktex/current/texmfs/install/fonts/enc
/dvips/lm/lm-ec.enc}] [2{C:/Users/moghaddamr/scoop/apps/miktex/current/texmfs/i
nstall/fonts/enc/dvips/lm/lm-rm.enc} <./fig_synthesis_enhancement_pathways.pdf>
]
<fig_meta_analysis_performance.pdf, id=181, 1132.7342pt x 567.77373pt>
File: fig_meta_analysis_performance.pdf Graphic file (type pdf)
<use fig_meta_analysis_performance.pdf>
Package pdftex.def Info: fig_meta_analysis_performance.pdf  used on input line 
121.
(pdftex.def)             Requested size: 483.69687pt x 242.44855pt.
 [3] [4 <./fig_meta_analysis_performance.pdf>]
LaTeX Font Info:    Trying to load font information for TS1+lmr on input line 1
48.

(C:\Users\moghaddamr\scoop\apps\miktex\current\texmfs\install\tex/latex/lm\ts1l
mr.fd
File: ts1lmr.fd 2015/05/01 v1.6.1 Font defs for Latin Modern
)
Overfull \hbox (1.82849pt too wide) in paragraph at lines 149--150
[]\T1/lmr/bx/n/12 (-20) Economic Cri-te-ria: \T1/lmr/m/n/12 (-20) Cap-i-tal cos
ts, op-er-a-tional costs, life-cy-cle eco-nomics, cost-effectiveness
 []

[5{C:/Users/moghaddamr/scoop/apps/miktex/current/texmfs/install/fonts/enc/dvips
/lm/lm-ts1.enc}] [6] (supplementary_material.aux)
 ***********
LaTeX2e <2023-11-01> patch level 1
L3 programming layer <2024-01-04>
 ***********


LaTeX Warning: Label(s) may have changed. Rerun to get cross-references right.

Package rerunfilecheck Info: File `supplementary_material.out' has not changed.

(rerunfilecheck)             Checksum: 12A1C6EE40F4881553A440CFDD448A72;2974.
 ) 
Here is how much of TeX's memory you used:
 16025 strings out of 474486
 262591 string characters out of 5736185
 1936542 words of memory out of 5000000
 37929 multiletter control sequences out of 15000+600000
 614580 words of font info for 147 fonts, out of 8000000 for 9000
 1141 hyphenation exceptions out of 8191
 75i,11n,79p,1803b,578s stack positions out of 10000i,1000n,20000p,200000b,200000s
<C:/Users/moghaddamr/scoop/apps/miktex/current/texmfs/install/fonts/type1/pub
lic/lm/lmbx12.pfb><C:/Users/moghaddamr/scoop/apps/miktex/current/texmfs/install
/fonts/type1/public/lm/lmr10.pfb><C:/Users/moghaddamr/scoop/apps/miktex/current
/texmfs/install/fonts/type1/public/lm/lmr12.pfb><C:/Users/moghaddamr/scoop/apps
/miktex/current/texmfs/install/fonts/type1/public/lm/lmr17.pfb><C:/Users/moghad
damr/scoop/apps/miktex/current/texmfs/install/fonts/type1/public/lm/lmr7.pfb><C
:/Users/moghaddamr/scoop/apps/miktex/current/texmfs/install/fonts/type1/public/
lm/lmr8.pfb>
Output written on supplementary_material.pdf (6 pages, 289720 bytes).
PDF statistics:
 328 PDF objects out of 1000 (max. 8388607)
 23 named destinations out of 1000 (max. 500000)
 30843 words of extra memory for PDF output out of 35830 (max. 10000000)

